Log file open, 07/28/20 16:05:28
LogWindows: Failed to load 'aqProf.dll' (GetLastError=126)
LogWindows: File 'aqProf.dll' does not exist
LogWindows: Failed to load 'VtuneApi.dll' (GetLastError=126)
LogWindows: File 'VtuneApi.dll' does not exist
LogWindows: Failed to load 'VtuneApi32e.dll' (GetLastError=126)
LogWindows: File 'VtuneApi32e.dll' does not exist
LogConsoleResponse: Display: Failed to find resolution value strings in scalability ini. Falling back to default.
LogInit: Display: Running engine for game: PortfolioClass
LogPlatformFile: Not using cached read wrapper
LogTaskGraph: Started task graph with 5 named threads and 35 total threads with 3 sets of task threads.
LogStats: Stats thread started at 0.067292
LogD3D11RHI: Loaded GFSDK_Aftermath_Lib.x64.dll
LogICUInternationalization: ICU TimeZone Detection - Raw Offset: +12:00, Platform Override: ''
LogPluginManager: Mounting plugin Paper2D
LogPluginManager: Mounting plugin AISupport
LogPluginManager: Mounting plugin LightPropagationVolume
LogPluginManager: Mounting plugin ActorLayerUtilities
LogPluginManager: Mounting plugin AnimationSharing
LogPluginManager: Mounting plugin CLionSourceCodeAccess
LogPluginManager: Mounting plugin CodeLiteSourceCodeAccess
LogPluginManager: Mounting plugin GitSourceControl
LogPluginManager: Mounting plugin KDevelopSourceCodeAccess
LogPluginManager: Mounting plugin NullSourceCodeAccess
LogPluginManager: Mounting plugin PerforceSourceControl
LogPluginManager: Mounting plugin PlasticSourceControl
LogPluginManager: Mounting plugin SubversionSourceControl
LogPluginManager: Mounting plugin UObjectPlugin
LogPluginManager: Mounting plugin VisualStudioCodeSourceCodeAccess
LogPluginManager: Mounting plugin VisualStudioSourceCodeAccess
LogPluginManager: Mounting plugin XCodeSourceCodeAccess
LogPluginManager: Mounting plugin AssetManagerEditor
LogPluginManager: Mounting plugin CryptoKeys
LogPluginManager: Mounting plugin CurveEditorTools
LogPluginManager: Mounting plugin DataValidation
LogPluginManager: Mounting plugin FacialAnimation
LogPluginManager: Mounting plugin GameplayTagsEditor
LogPluginManager: Mounting plugin MacGraphicsSwitching
LogPluginManager: Mounting plugin MaterialAnalyzer
LogPluginManager: Mounting plugin MobileLauncherProfileWizard
LogPluginManager: Mounting plugin PluginBrowser
LogPluginManager: Mounting plugin SpeedTreeImporter
LogPluginManager: Mounting plugin DatasmithContent
LogPluginManager: Mounting plugin VariantManagerContent
LogPluginManager: Mounting plugin AlembicImporter
LogPluginManager: Mounting plugin AutomationUtils
LogPluginManager: Mounting plugin BackChannel
LogPluginManager: Mounting plugin CharacterAI
LogPluginManager: Mounting plugin GeometryCache
LogPluginManager: Mounting plugin PlatformCrypto
LogPluginManager: Mounting plugin ProxyLODPlugin
LogPluginManager: Mounting plugin SkeletalReduction
LogPluginManager: Mounting plugin MagicLeap
LogPluginManager: Mounting plugin MagicLeapMedia
LogPluginManager: Mounting plugin MLSDK
LogPluginManager: Mounting plugin AndroidMedia
LogPluginManager: Mounting plugin AvfMedia
LogPluginManager: Mounting plugin ImgMedia
LogPluginManager: Mounting plugin MediaCompositing
LogPluginManager: Mounting plugin MediaPlayerEditor
LogPluginManager: Mounting plugin WebMMedia
LogPluginManager: Mounting plugin WmfMedia
LogPluginManager: Mounting plugin TcpMessaging
LogPluginManager: Mounting plugin UdpMessaging
LogPluginManager: Mounting plugin ActorSequence
LogPluginManager: Mounting plugin LevelSequenceEditor
LogPluginManager: Mounting plugin MatineeToLevelSequence
LogPluginManager: Mounting plugin NetcodeUnitTest
LogPluginManager: Mounting plugin NUTUnrealEngine4
LogPluginManager: Mounting plugin OnlineSubsystemGooglePlay
LogPluginManager: Mounting plugin OnlineSubsystemIOS
LogPluginManager: Mounting plugin OnlineSubsystem
LogPluginManager: Mounting plugin OnlineSubsystemNull
LogPluginManager: Mounting plugin OnlineSubsystemUtils
LogPluginManager: Mounting plugin LauncherChunkInstaller
LogPluginManager: Mounting plugin AndroidDeviceProfileSelector
LogPluginManager: Mounting plugin AndroidMoviePlayer
LogPluginManager: Mounting plugin AndroidPermission
LogPluginManager: Mounting plugin AppleImageUtils
LogPluginManager: Mounting plugin AppleMoviePlayer
LogPluginManager: Mounting plugin ArchVisCharacter
LogPluginManager: Mounting plugin AssetTags
LogPluginManager: Mounting plugin AudioCapture
LogPluginManager: Mounting plugin CableComponent
LogPluginManager: Mounting plugin CustomMeshComponent
LogPluginManager: Mounting plugin EditableMesh
LogPluginManager: Mounting plugin ExampleDeviceProfileSelector
LogPluginManager: Mounting plugin GoogleCloudMessaging
LogPluginManager: Mounting plugin IOSDeviceProfileSelector
LogPluginManager: Mounting plugin LinuxDeviceProfileSelector
LogPluginManager: Mounting plugin LocationServicesBPLibrary
LogPluginManager: Mounting plugin MobilePatchingUtils
LogPluginManager: Mounting plugin OculusVR
LogPluginManager: Mounting plugin PhysXVehicles
LogPluginManager: Mounting plugin PostSplashScreen
LogPluginManager: Mounting plugin ProceduralMeshComponent
LogPluginManager: Mounting plugin RuntimePhysXCooking
LogPluginManager: Mounting plugin SignificanceManager
LogPluginManager: Mounting plugin SteamVR
LogPluginManager: Mounting plugin WebMMoviePlayer
LogPluginManager: Mounting plugin WindowsMoviePlayer
LogPluginManager: Mounting plugin ScreenshotTools
LogInit: Using libcurl 7.55.1-DEV
LogInit:  - built for x86_64-pc-win32
LogInit:  - supports SSL with OpenSSL/1.1.1
LogInit:  - supports HTTP deflate (compression) using libz 1.2.8
LogInit:  - other features:
LogInit:      CURL_VERSION_SSL
LogInit:      CURL_VERSION_LIBZ
LogInit:      CURL_VERSION_IPV6
LogInit:      CURL_VERSION_ASYNCHDNS
LogInit:      CURL_VERSION_LARGEFILE
LogInit:      CURL_VERSION_IDN
LogInit:  CurlRequestOptions (configurable via config and command line):
LogInit:  - bVerifyPeer = true  - Libcurl will verify peer certificate
LogInit:  - bUseHttpProxy = false  - Libcurl will NOT use HTTP proxy
LogInit:  - bDontReuseConnections = false  - Libcurl will reuse connections
LogInit:  - MaxHostConnections = 16  - Libcurl will limit the number of connections to a host
LogInit:  - LocalHostAddr = Default
LogInit:  - BufferSize = 65536
LogOnline: OSS: Creating online subsystem instance for: NULL
LogInit: WinSock: version 1.1 (2.2), MaxSocks=32767, MaxUdp=65467
LogOnline: OSS: TryLoadSubsystemAndSetDefault: Loaded subsystem for module [NULL]
LogInit: Build: ++UE4+Release-4.24-CL-11590370
LogInit: Engine Version: 4.24.3-11590370+++UE4+Release-4.24
LogInit: Compatible Engine Version: 4.24.0-10570792+++UE4+Release-4.24
LogInit: Net CL: 10570792
LogInit: OS: Windows 10 (Release 1909) (), CPU: Intel(R) Core(TM) i7-8700 CPU @ 3.20GHz, GPU: NVIDIA GeForce RTX 2080
LogInit: Compiled (64-bit): Feb 24 2020 15:39:18
LogInit: Compiled with Visual C++: 19.16.27032.01
LogInit: Build Configuration: Development
LogInit: Branch Name: ++UE4+Release-4.24
LogInit: Command Line:  -EpicPortal -epicusername=Brosif -epicuserid=51f3fd0c8de646d98323812e889e8580 -epiclocale=en
LogInit: Base Directory: C:/Program Files/Epic Games/UE_4.24/Engine/Binaries/Win64/
LogInit: Installed Engine Build: 1
LogDevObjectVersion: Number of dev versions registered: 25
LogDevObjectVersion:   Dev-Blueprints (B0D832E4-1F89-4F0D-ACCF-7EB736FD4AA2): 10
LogDevObjectVersion:   Dev-Build (E1C64328-A22C-4D53-A36C-8E866417BD8C): 0
LogDevObjectVersion:   Dev-Core (375EC13C-06E4-48FB-B500-84F0262A717E): 3
LogDevObjectVersion:   Dev-Editor (E4B068ED-F494-42E9-A231-DA0B2E46BB41): 37
LogDevObjectVersion:   Dev-Framework (CFFC743F-43B0-4480-9391-14DF171D2073): 36
LogDevObjectVersion:   Dev-Mobile (B02B49B5-BB20-44E9-A304-32B752E40360): 2
LogDevObjectVersion:   Dev-Networking (A4E4105C-59A1-49B5-A7C5-40C4547EDFEE): 0
LogDevObjectVersion:   Dev-Online (39C831C9-5AE6-47DC-9A44-9C173E1C8E7C): 0
LogDevObjectVersion:   Dev-Physics (78F01B33-EBEA-4F98-B9B4-84EACCB95AA2): 2
LogDevObjectVersion:   Dev-Platform (6631380F-2D4D-43E0-8009-CF276956A95A): 0
LogDevObjectVersion:   Dev-Rendering (12F88B9F-8875-4AFC-A67C-D90C383ABD29): 36
LogDevObjectVersion:   Dev-Sequencer (7B5AE74C-D270-4C10-A958-57980B212A5A): 11
LogDevObjectVersion:   Dev-VR (D7296918-1DD6-4BDD-9DE2-64A83CC13884): 2
LogDevObjectVersion:   Dev-LoadTimes (C2A15278-BFE7-4AFE-6C17-90FF531DF755): 1
LogDevObjectVersion:   Private-Geometry (6EACA3D4-40EC-4CC1-B786-8BED09428FC5): 3
LogDevObjectVersion:   Dev-AnimPhys (29E575DD-E0A3-4627-9D10-D276232CDCEA): 17
LogDevObjectVersion:   Dev-Anim (AF43A65D-7FD3-4947-9873-3E8ED9C1BB05): 2
LogDevObjectVersion:   Dev-ReflectionCapture (6B266CEC-1EC7-4B8F-A30B-E4D90942FC07): 1
LogDevObjectVersion:   Dev-Automation (0DF73D61-A23F-47EA-B727-89E90C41499A): 1
LogDevObjectVersion:   FortniteMain (601D1886-AC64-4F84-AA16-D3DE0DEAC7D6): 31
LogDevObjectVersion:   Dev-Enterprise (9DFFBCD6-494F-0158-E221-12823C92A888): 8
LogDevObjectVersion:   Dev-Niagara (F2AED0AC-9AFE-416F-8664-AA7FFA26D6FC): 1
LogDevObjectVersion:   Dev-Destruction (174F1F0B-B4C6-45A5-B13F-2EE8D0FB917D): 9
LogDevObjectVersion:   Dev-Physics-Ext (35F94A83-E258-406C-A318-09F59610247C): 8
LogDevObjectVersion:   Dev-CineCamera (B2E18506-4273-CFC2-A54E-F4BB758BBA07): 1
LogInit: Presizing for max 25165824 objects, including 0 objects not considered by GC, pre-allocating 0 bytes for permanent pool.
LogInit: Object subsystem initialized
LogConfig: Setting CVar [[con.DebugEarlyDefault:1]]
LogConfig: Setting CVar [[r.setres:1280x720]]
[2020.07.28-04.05.28:689][  0]LogConfig: Setting CVar [[r.VSync:0]]
[2020.07.28-04.05.28:689][  0]LogConfig: Setting CVar [[r.RHICmdBypass:0]]
[2020.07.28-04.05.28:689][  0]LogConfig: Applying CVar settings from Section [/Script/Engine.RendererSettings] File [D:/Users/matthew.moo8138/OneDrive/Documents/Portfolio Source Control/Portfolio/PortfolioClass/Saved/Config/Windows/Engine.ini]
[2020.07.28-04.05.28:689][  0]LogConfig: Setting CVar [[r.GPUCrashDebugging:0]]
[2020.07.28-04.05.28:689][  0]LogConfig: Setting CVar [[r.SkinCache.CompileShaders:1]]
[2020.07.28-04.05.28:689][  0]LogConfig: Setting CVar [[r.RayTracing:1]]
[2020.07.28-04.05.28:689][  0]LogConfig: Applying CVar settings from Section [/Script/Engine.RendererOverrideSettings] File [D:/Users/matthew.moo8138/OneDrive/Documents/Portfolio Source Control/Portfolio/PortfolioClass/Saved/Config/Windows/Engine.ini]
[2020.07.28-04.05.28:689][  0]LogConfig: Applying CVar settings from Section [/Script/Engine.StreamingSettings] File [D:/Users/matthew.moo8138/OneDrive/Documents/Portfolio Source Control/Portfolio/PortfolioClass/Saved/Config/Windows/Engine.ini]
[2020.07.28-04.05.28:689][  0]LogConfig: Setting CVar [[s.MinBulkDataSizeForAsyncLoading:131072]]
[2020.07.28-04.05.28:689][  0]LogConfig: Setting CVar [[s.AsyncLoadingThreadEnabled:0]]
[2020.07.28-04.05.28:689][  0]LogConfig: Setting CVar [[s.EventDrivenLoaderEnabled:1]]
[2020.07.28-04.05.28:689][  0]LogConfig: Setting CVar [[s.WarnIfTimeLimitExceeded:0]]
[2020.07.28-04.05.28:689][  0]LogConfig: Setting CVar [[s.TimeLimitExceededMultiplier:1.5]]
[2020.07.28-04.05.28:689][  0]LogConfig: Setting CVar [[s.TimeLimitExceededMinTime:0.005]]
[2020.07.28-04.05.28:689][  0]LogConfig: Setting CVar [[s.UseBackgroundLevelStreaming:1]]
[2020.07.28-04.05.28:689][  0]LogConfig: Setting CVar [[s.PriorityAsyncLoadingExtraTime:15.0]]
[2020.07.28-04.05.28:689][  0]LogConfig: Setting CVar [[s.LevelStreamingActorsUpdateTimeLimit:5.0]]
[2020.07.28-04.05.28:689][  0]LogConfig: Setting CVar [[s.PriorityLevelStreamingActorsUpdateExtraTime:5.0]]
[2020.07.28-04.05.28:689][  0]LogConfig: Setting CVar [[s.LevelStreamingComponentsRegistrationGranularity:10]]
[2020.07.28-04.05.28:689][  0]LogConfig: Setting CVar [[s.UnregisterComponentsTimeLimit:1.0]]
[2020.07.28-04.05.28:689][  0]LogConfig: Setting CVar [[s.LevelStreamingComponentsUnregistrationGranularity:5]]
[2020.07.28-04.05.28:689][  0]LogConfig: Setting CVar [[s.FlushStreamingOnExit:1]]
[2020.07.28-04.05.28:689][  0]LogConfig: Applying CVar settings from Section [/Script/Engine.GarbageCollectionSettings] File [D:/Users/matthew.moo8138/OneDrive/Documents/Portfolio Source Control/Portfolio/PortfolioClass/Saved/Config/Windows/Engine.ini]
[2020.07.28-04.05.28:689][  0]LogConfig: Setting CVar [[gc.MaxObjectsNotConsideredByGC:1]]
[2020.07.28-04.05.28:689][  0]LogConfig: Setting CVar [[gc.SizeOfPermanentObjectPool:0]]
[2020.07.28-04.05.28:689][  0]LogConfig: Setting CVar [[gc.FlushStreamingOnGC:0]]
[2020.07.28-04.05.28:689][  0]LogConfig: Setting CVar [[gc.NumRetriesBeforeForcingGC:10]]
[2020.07.28-04.05.28:689][  0]LogConfig: Setting CVar [[gc.AllowParallelGC:1]]
[2020.07.28-04.05.28:689][  0]LogConfig: Setting CVar [[gc.TimeBetweenPurgingPendingKillObjects:61.1]]
[2020.07.28-04.05.28:689][  0]LogConfig: Setting CVar [[gc.MaxObjectsInEditor:25165824]]
[2020.07.28-04.05.28:689][  0]LogConfig: Setting CVar [[gc.IncrementalBeginDestroyEnabled:1]]
[2020.07.28-04.05.28:689][  0]LogConfig: Setting CVar [[gc.CreateGCClusters:1]]
[2020.07.28-04.05.28:689][  0]LogConfig: Setting CVar [[gc.MinGCClusterSize:5]]
[2020.07.28-04.05.28:689][  0]LogConfig: Setting CVar [[gc.ActorClusteringEnabled:0]]
[2020.07.28-04.05.28:689][  0]LogConfig: Setting CVar [[gc.BlueprintClusteringEnabled:0]]
[2020.07.28-04.05.28:689][  0]LogConfig: Setting CVar [[gc.UseDisregardForGCOnDedicatedServers:0]]
[2020.07.28-04.05.28:689][  0]LogConfig: Applying CVar settings from Section [/Script/Engine.NetworkSettings] File [D:/Users/matthew.moo8138/OneDrive/Documents/Portfolio Source Control/Portfolio/PortfolioClass/Saved/Config/Windows/Engine.ini]
[2020.07.28-04.05.28:689][  0]LogConfig: Applying CVar settings from Section [/Script/UnrealEd.CookerSettings] File [D:/Users/matthew.moo8138/OneDrive/Documents/Portfolio Source Control/Portfolio/PortfolioClass/Saved/Config/Windows/Engine.ini]
[2020.07.28-04.05.28:693][  0]LogConfig: Applying CVar settings from Section [ViewDistanceQuality@3] File [D:/Users/matthew.moo8138/OneDrive/Documents/Portfolio Source Control/Portfolio/PortfolioClass/Saved/Config/Windows/Scalability.ini]
[2020.07.28-04.05.28:693][  0]LogConfig: Setting CVar [[r.SkeletalMeshLODBias:0]]
[2020.07.28-04.05.28:693][  0]LogConfig: Setting CVar [[r.ViewDistanceScale:1.0]]
[2020.07.28-04.05.28:693][  0]LogConfig: Applying CVar settings from Section [AntiAliasingQuality@3] File [D:/Users/matthew.moo8138/OneDrive/Documents/Portfolio Source Control/Portfolio/PortfolioClass/Saved/Config/Windows/Scalability.ini]
[2020.07.28-04.05.28:693][  0]LogConfig: Setting CVar [[r.PostProcessAAQuality:4]]
[2020.07.28-04.05.28:693][  0]LogConfig: Applying CVar settings from Section [ShadowQuality@3] File [D:/Users/matthew.moo8138/OneDrive/Documents/Portfolio Source Control/Portfolio/PortfolioClass/Saved/Config/Windows/Scalability.ini]
[2020.07.28-04.05.28:693][  0]LogConfig: Setting CVar [[r.LightFunctionQuality:1]]
[2020.07.28-04.05.28:693][  0]LogConfig: Setting CVar [[r.ShadowQuality:5]]
[2020.07.28-04.05.28:693][  0]LogConfig: Setting CVar [[r.Shadow.CSM.MaxCascades:10]]
[2020.07.28-04.05.28:693][  0]LogConfig: Setting CVar [[r.Shadow.MaxResolution:2048]]
[2020.07.28-04.05.28:693][  0]LogConfig: Setting CVar [[r.Shadow.MaxCSMResolution:2048]]
[2020.07.28-04.05.28:693][  0]LogConfig: Setting CVar [[r.Shadow.RadiusThreshold:0.01]]
[2020.07.28-04.05.28:693][  0]LogConfig: Setting CVar [[r.Shadow.DistanceScale:1.0]]
[2020.07.28-04.05.28:693][  0]LogConfig: Setting CVar [[r.Shadow.CSM.TransitionScale:1.0]]
[2020.07.28-04.05.28:693][  0]LogConfig: Setting CVar [[r.Shadow.PreShadowResolutionFactor:1.0]]
[2020.07.28-04.05.28:693][  0]LogConfig: Setting CVar [[r.DistanceFieldShadowing:1]]
[2020.07.28-04.05.28:693][  0]LogConfig: Setting CVar [[r.DistanceFieldAO:1]]
[2020.07.28-04.05.28:693][  0]LogConfig: Setting CVar [[r.AOQuality:2]]
[2020.07.28-04.05.28:693][  0]LogConfig: Setting CVar [[r.VolumetricFog:1]]
[2020.07.28-04.05.28:693][  0]LogConfig: Setting CVar [[r.VolumetricFog.GridPixelSize:8]]
[2020.07.28-04.05.28:693][  0]LogConfig: Setting CVar [[r.VolumetricFog.GridSizeZ:128]]
[2020.07.28-04.05.28:693][  0]LogConfig: Setting CVar [[r.VolumetricFog.HistoryMissSupersampleCount:4]]
[2020.07.28-04.05.28:693][  0]LogConfig: Setting CVar [[r.LightMaxDrawDistanceScale:1]]
[2020.07.28-04.05.28:693][  0]LogConfig: Setting CVar [[r.CapsuleShadows:1]]
[2020.07.28-04.05.28:693][  0]LogConfig: Applying CVar settings from Section [PostProcessQuality@3] File [D:/Users/matthew.moo8138/OneDrive/Documents/Portfolio Source Control/Portfolio/PortfolioClass/Saved/Config/Windows/Scalability.ini]
[2020.07.28-04.05.28:693][  0]LogConfig: Setting CVar [[r.MotionBlurQuality:4]]
[2020.07.28-04.05.28:693][  0]LogConfig: Setting CVar [[r.AmbientOcclusionMipLevelFactor:0.4]]
[2020.07.28-04.05.28:693][  0]LogConfig: Setting CVar [[r.AmbientOcclusionMaxQuality:100]]
[2020.07.28-04.05.28:693][  0]LogConfig: Setting CVar [[r.AmbientOcclusionLevels:-1]]
[2020.07.28-04.05.28:693][  0]LogConfig: Setting CVar [[r.AmbientOcclusionRadiusScale:1.0]]
[2020.07.28-04.05.28:693][  0]LogConfig: Setting CVar [[r.DepthOfFieldQuality:2]]
[2020.07.28-04.05.28:693][  0]LogConfig: Setting CVar [[r.RenderTargetPoolMin:400]]
[2020.07.28-04.05.28:693][  0]LogConfig: Setting CVar [[r.LensFlareQuality:2]]
[2020.07.28-04.05.28:693][  0]LogConfig: Setting CVar [[r.SceneColorFringeQuality:1]]
[2020.07.28-04.05.28:693][  0]LogConfig: Setting CVar [[r.EyeAdaptationQuality:2]]
[2020.07.28-04.05.28:693][  0]LogConfig: Setting CVar [[r.BloomQuality:5]]
[2020.07.28-04.05.28:693][  0]LogConfig: Setting CVar [[r.FastBlurThreshold:100]]
[2020.07.28-04.05.28:693][  0]LogConfig: Setting CVar [[r.Upscale.Quality:3]]
[2020.07.28-04.05.28:693][  0]LogConfig: Setting CVar [[r.Tonemapper.GrainQuantization:1]]
[2020.07.28-04.05.28:693][  0]LogConfig: Setting CVar [[r.LightShaftQuality:1]]
[2020.07.28-04.05.28:693][  0]LogConfig: Setting CVar [[r.Filter.SizeScale:1]]
[2020.07.28-04.05.28:693][  0]LogConfig: Setting CVar [[r.Tonemapper.Quality:5]]
[2020.07.28-04.05.28:693][  0]LogConfig: Setting CVar [[r.DOF.Gather.AccumulatorQuality:1        ; higher gathering accumulator quality]]
[2020.07.28-04.05.28:693][  0]LogConfig: Setting CVar [[r.DOF.Gather.PostfilterMethod:1          ; Median3x3 postfilering method]]
[2020.07.28-04.05.28:693][  0]LogConfig: Setting CVar [[r.DOF.Gather.EnableBokehSettings:0       ; no bokeh simulation when gathering]]
[2020.07.28-04.05.28:694][  0]LogConfig: Setting CVar [[r.DOF.Gather.RingCount:4                 ; medium number of samples when gathering]]
[2020.07.28-04.05.28:694][  0]LogConfig: Setting CVar [[r.DOF.Scatter.ForegroundCompositing:1    ; additive foreground scattering]]
[2020.07.28-04.05.28:694][  0]LogConfig: Setting CVar [[r.DOF.Scatter.BackgroundCompositing:2    ; additive background scattering]]
[2020.07.28-04.05.28:694][  0]LogConfig: Setting CVar [[r.DOF.Scatter.EnableBokehSettings:1      ; bokeh simulation when scattering]]
[2020.07.28-04.05.28:694][  0]LogConfig: Setting CVar [[r.DOF.Scatter.MaxSpriteRatio:0.1         ; only a maximum of 10% of scattered bokeh]]
[2020.07.28-04.05.28:694][  0]LogConfig: Setting CVar [[r.DOF.Recombine.Quality:1                ; cheap slight out of focus]]
[2020.07.28-04.05.28:694][  0]LogConfig: Setting CVar [[r.DOF.Recombine.EnableBokehSettings:0    ; no bokeh simulation on slight out of focus]]
[2020.07.28-04.05.28:694][  0]LogConfig: Setting CVar [[r.DOF.TemporalAAQuality:1                ; more stable temporal accumulation]]
[2020.07.28-04.05.28:694][  0]LogConfig: Setting CVar [[r.DOF.Kernel.MaxForegroundRadius:0.025]]
[2020.07.28-04.05.28:694][  0]LogConfig: Setting CVar [[r.DOF.Kernel.MaxBackgroundRadius:0.025]]
[2020.07.28-04.05.28:694][  0]LogConfig: Applying CVar settings from Section [TextureQuality@3] File [D:/Users/matthew.moo8138/OneDrive/Documents/Portfolio Source Control/Portfolio/PortfolioClass/Saved/Config/Windows/Scalability.ini]
[2020.07.28-04.05.28:694][  0]LogConfig: Setting CVar [[r.Streaming.MipBias:0]]
[2020.07.28-04.05.28:694][  0]LogConfig: Setting CVar [[r.Streaming.AmortizeCPUToGPUCopy:0]]
[2020.07.28-04.05.28:694][  0]LogConfig: Setting CVar [[r.Streaming.MaxNumTexturesToStreamPerFrame:0]]
[2020.07.28-04.05.28:694][  0]LogConfig: Setting CVar [[r.Streaming.Boost:1]]
[2020.07.28-04.05.28:694][  0]LogConfig: Setting CVar [[r.MaxAnisotropy:8]]
[2020.07.28-04.05.28:694][  0]LogConfig: Setting CVar [[r.VT.MaxAnisotropy:8]]
[2020.07.28-04.05.28:694][  0]LogConfig: Setting CVar [[r.Streaming.LimitPoolSizeToVRAM:0]]
[2020.07.28-04.05.28:694][  0]LogConfig: Setting CVar [[r.Streaming.PoolSize:1000]]
[2020.07.28-04.05.28:694][  0]LogConfig: Setting CVar [[r.Streaming.MaxEffectiveScreenSize:0]]
[2020.07.28-04.05.28:694][  0]LogConfig: Applying CVar settings from Section [EffectsQuality@3] File [D:/Users/matthew.moo8138/OneDrive/Documents/Portfolio Source Control/Portfolio/PortfolioClass/Saved/Config/Windows/Scalability.ini]
[2020.07.28-04.05.28:694][  0]LogConfig: Setting CVar [[r.TranslucencyLightingVolumeDim:64]]
[2020.07.28-04.05.28:694][  0]LogConfig: Setting CVar [[r.RefractionQuality:2]]
[2020.07.28-04.05.28:694][  0]LogConfig: Setting CVar [[r.SSR.Quality:3]]
[2020.07.28-04.05.28:694][  0]LogConfig: Setting CVar [[r.SSR.HalfResSceneColor:0]]
[2020.07.28-04.05.28:694][  0]LogConfig: Setting CVar [[r.SceneColorFormat:4]]
[2020.07.28-04.05.28:694][  0]LogConfig: Setting CVar [[r.DetailMode:2]]
[2020.07.28-04.05.28:694][  0]LogConfig: Setting CVar [[r.TranslucencyVolumeBlur:1]]
[2020.07.28-04.05.28:694][  0]LogConfig: Setting CVar [[r.MaterialQualityLevel:1 ; High quality]]
[2020.07.28-04.05.28:694][  0]LogConfig: Setting CVar [[r.SSS.Scale:1]]
[2020.07.28-04.05.28:694][  0]LogConfig: Setting CVar [[r.SSS.SampleSet:2]]
[2020.07.28-04.05.28:694][  0]LogConfig: Setting CVar [[r.SSS.Quality:1]]
[2020.07.28-04.05.28:694][  0]LogConfig: Setting CVar [[r.SSS.HalfRes:1]]
[2020.07.28-04.05.28:694][  0]LogConfig: Setting CVar [[r.SSGI.Quality:3]]
[2020.07.28-04.05.28:694][  0]LogConfig: Setting CVar [[r.EmitterSpawnRateScale:1.0]]
[2020.07.28-04.05.28:694][  0]LogConfig: Setting CVar [[r.ParticleLightQuality:2]]
[2020.07.28-04.05.28:694][  0]LogConfig: Setting CVar [[r.SkyAtmosphere.AerialPerspectiveLUT.FastApplyOnOpaque:1 ; Always have FastSkyLUT 1 in this case to avoid wrong sky]]
[2020.07.28-04.05.28:694][  0]LogConfig: Setting CVar [[r.SkyAtmosphere.AerialPerspectiveLUT.SampleCountPerSlice:1]]
[2020.07.28-04.05.28:694][  0]LogConfig: Setting CVar [[r.SkyAtmosphere.AerialPerspectiveLUT.DepthResolution:16.0]]
[2020.07.28-04.05.28:694][  0]LogConfig: Setting CVar [[r.SkyAtmosphere.FastSkyLUT:1]]
[2020.07.28-04.05.28:694][  0]LogConfig: Setting CVar [[r.SkyAtmosphere.FastSkyLUT.SampleCountMin:4.0]]
[2020.07.28-04.05.28:694][  0]LogConfig: Setting CVar [[r.SkyAtmosphere.FastSkyLUT.SampleCountMax:32.0]]
[2020.07.28-04.05.28:694][  0]LogConfig: Setting CVar [[r.SkyAtmosphere.SampleCountMin:4.0]]
[2020.07.28-04.05.28:694][  0]LogConfig: Setting CVar [[r.SkyAtmosphere.SampleCountMax:32.0]]
[2020.07.28-04.05.28:694][  0]LogConfig: Setting CVar [[r.SkyAtmosphere.TransmittanceLUT.UseSmallFormat:0]]
[2020.07.28-04.05.28:694][  0]LogConfig: Setting CVar [[r.SkyAtmosphere.TransmittanceLUT.SampleCount:10.0]]
[2020.07.28-04.05.28:694][  0]LogConfig: Setting CVar [[r.SkyAtmosphere.MultiScatteringLUT.SampleCount:15.0]]
[2020.07.28-04.05.28:694][  0]LogConfig: Applying CVar settings from Section [FoliageQuality@3] File [D:/Users/matthew.moo8138/OneDrive/Documents/Portfolio Source Control/Portfolio/PortfolioClass/Saved/Config/Windows/Scalability.ini]
[2020.07.28-04.05.28:694][  0]LogConfig: Setting CVar [[foliage.DensityScale:1.0]]
[2020.07.28-04.05.28:694][  0]LogConfig: Setting CVar [[grass.DensityScale:1.0]]
[2020.07.28-04.05.28:694][  0]LogConfig: Applying CVar settings from Section [ShadingQuality@3] File [D:/Users/matthew.moo8138/OneDrive/Documents/Portfolio Source Control/Portfolio/PortfolioClass/Saved/Config/Windows/Scalability.ini]
[2020.07.28-04.05.28:694][  0]LogConfig: Setting CVar [[r.HairStrands.SkyLighting.SampleCount:16]]
[2020.07.28-04.05.28:694][  0]LogConfig: Setting CVar [[r.HairStrands.SkyLighting.JitterIntegration:0]]
[2020.07.28-04.05.28:694][  0]LogConfig: Setting CVar [[r.HairStrands.SkyAO.SampleCount:16]]
[2020.07.28-04.05.28:694][  0]LogInit: Selected Device Profile: [Windows]
[2020.07.28-04.05.28:694][  0]LogInit: Applying CVar settings loaded from the selected device profile: [Windows]
[2020.07.28-04.05.28:696][  0]LogHAL: Display: Platform has ~ 32 GB [34122706944 / 34359738368 / 32], which maps to Largest [LargestMinGB=32, LargerMinGB=12, DefaultMinGB=8, SmallerMinGB=6, SmallestMinGB=0)
[2020.07.28-04.05.28:696][  0]LogInit: Going up to parent DeviceProfile []
[2020.07.28-04.05.28:696][  0]LogConfig: Applying CVar settings from Section [ViewDistanceQuality@3] File [D:/Users/matthew.moo8138/OneDrive/Documents/Portfolio Source Control/Portfolio/PortfolioClass/Saved/Config/Windows/Scalability.ini]
[2020.07.28-04.05.28:697][  0]LogConfig: Setting CVar [[r.SkeletalMeshLODBias:0]]
[2020.07.28-04.05.28:697][  0]LogConfig: Setting CVar [[r.ViewDistanceScale:1.0]]
[2020.07.28-04.05.28:697][  0]LogConfig: Applying CVar settings from Section [AntiAliasingQuality@3] File [D:/Users/matthew.moo8138/OneDrive/Documents/Portfolio Source Control/Portfolio/PortfolioClass/Saved/Config/Windows/Scalability.ini]
[2020.07.28-04.05.28:697][  0]LogConfig: Setting CVar [[r.PostProcessAAQuality:4]]
[2020.07.28-04.05.28:697][  0]LogConfig: Applying CVar settings from Section [ShadowQuality@3] File [D:/Users/matthew.moo8138/OneDrive/Documents/Portfolio Source Control/Portfolio/PortfolioClass/Saved/Config/Windows/Scalability.ini]
[2020.07.28-04.05.28:697][  0]LogConfig: Setting CVar [[r.LightFunctionQuality:1]]
[2020.07.28-04.05.28:697][  0]LogConfig: Setting CVar [[r.ShadowQuality:5]]
[2020.07.28-04.05.28:697][  0]LogConfig: Setting CVar [[r.Shadow.CSM.MaxCascades:10]]
[2020.07.28-04.05.28:697][  0]LogConfig: Setting CVar [[r.Shadow.MaxResolution:2048]]
[2020.07.28-04.05.28:697][  0]LogConfig: Setting CVar [[r.Shadow.MaxCSMResolution:2048]]
[2020.07.28-04.05.28:697][  0]LogConfig: Setting CVar [[r.Shadow.RadiusThreshold:0.01]]
[2020.07.28-04.05.28:697][  0]LogConfig: Setting CVar [[r.Shadow.DistanceScale:1.0]]
[2020.07.28-04.05.28:697][  0]LogConfig: Setting CVar [[r.Shadow.CSM.TransitionScale:1.0]]
[2020.07.28-04.05.28:697][  0]LogConfig: Setting CVar [[r.Shadow.PreShadowResolutionFactor:1.0]]
[2020.07.28-04.05.28:697][  0]LogConfig: Setting CVar [[r.DistanceFieldShadowing:1]]
[2020.07.28-04.05.28:697][  0]LogConfig: Setting CVar [[r.DistanceFieldAO:1]]
[2020.07.28-04.05.28:697][  0]LogConfig: Setting CVar [[r.AOQuality:2]]
[2020.07.28-04.05.28:697][  0]LogConfig: Setting CVar [[r.VolumetricFog:1]]
[2020.07.28-04.05.28:697][  0]LogConfig: Setting CVar [[r.VolumetricFog.GridPixelSize:8]]
[2020.07.28-04.05.28:697][  0]LogConfig: Setting CVar [[r.VolumetricFog.GridSizeZ:128]]
[2020.07.28-04.05.28:697][  0]LogConfig: Setting CVar [[r.VolumetricFog.HistoryMissSupersampleCount:4]]
[2020.07.28-04.05.28:697][  0]LogConfig: Setting CVar [[r.LightMaxDrawDistanceScale:1]]
[2020.07.28-04.05.28:697][  0]LogConfig: Setting CVar [[r.CapsuleShadows:1]]
[2020.07.28-04.05.28:697][  0]LogConfig: Applying CVar settings from Section [PostProcessQuality@3] File [D:/Users/matthew.moo8138/OneDrive/Documents/Portfolio Source Control/Portfolio/PortfolioClass/Saved/Config/Windows/Scalability.ini]
[2020.07.28-04.05.28:697][  0]LogConfig: Setting CVar [[r.MotionBlurQuality:4]]
[2020.07.28-04.05.28:697][  0]LogConfig: Setting CVar [[r.AmbientOcclusionMipLevelFactor:0.4]]
[2020.07.28-04.05.28:697][  0]LogConfig: Setting CVar [[r.AmbientOcclusionMaxQuality:100]]
[2020.07.28-04.05.28:697][  0]LogConfig: Setting CVar [[r.AmbientOcclusionLevels:-1]]
[2020.07.28-04.05.28:697][  0]LogConfig: Setting CVar [[r.AmbientOcclusionRadiusScale:1.0]]
[2020.07.28-04.05.28:697][  0]LogConfig: Setting CVar [[r.DepthOfFieldQuality:2]]
[2020.07.28-04.05.28:697][  0]LogConfig: Setting CVar [[r.RenderTargetPoolMin:400]]
[2020.07.28-04.05.28:697][  0]LogConfig: Setting CVar [[r.LensFlareQuality:2]]
[2020.07.28-04.05.28:697][  0]LogConfig: Setting CVar [[r.SceneColorFringeQuality:1]]
[2020.07.28-04.05.28:697][  0]LogConfig: Setting CVar [[r.EyeAdaptationQuality:2]]
[2020.07.28-04.05.28:697][  0]LogConfig: Setting CVar [[r.BloomQuality:5]]
[2020.07.28-04.05.28:697][  0]LogConfig: Setting CVar [[r.FastBlurThreshold:100]]
[2020.07.28-04.05.28:697][  0]LogConfig: Setting CVar [[r.Upscale.Quality:3]]
[2020.07.28-04.05.28:697][  0]LogConfig: Setting CVar [[r.Tonemapper.GrainQuantization:1]]
[2020.07.28-04.05.28:697][  0]LogConfig: Setting CVar [[r.LightShaftQuality:1]]
[2020.07.28-04.05.28:697][  0]LogConfig: Setting CVar [[r.Filter.SizeScale:1]]
[2020.07.28-04.05.28:697][  0]LogConfig: Setting CVar [[r.Tonemapper.Quality:5]]
[2020.07.28-04.05.28:697][  0]LogConfig: Setting CVar [[r.DOF.Gather.AccumulatorQuality:1        ; higher gathering accumulator quality]]
[2020.07.28-04.05.28:697][  0]LogConfig: Setting CVar [[r.DOF.Gather.PostfilterMethod:1          ; Median3x3 postfilering method]]
[2020.07.28-04.05.28:697][  0]LogConfig: Setting CVar [[r.DOF.Gather.EnableBokehSettings:0       ; no bokeh simulation when gathering]]
[2020.07.28-04.05.28:697][  0]LogConfig: Setting CVar [[r.DOF.Gather.RingCount:4                 ; medium number of samples when gathering]]
[2020.07.28-04.05.28:697][  0]LogConfig: Setting CVar [[r.DOF.Scatter.ForegroundCompositing:1    ; additive foreground scattering]]
[2020.07.28-04.05.28:697][  0]LogConfig: Setting CVar [[r.DOF.Scatter.BackgroundCompositing:2    ; additive background scattering]]
[2020.07.28-04.05.28:697][  0]LogConfig: Setting CVar [[r.DOF.Scatter.EnableBokehSettings:1      ; bokeh simulation when scattering]]
[2020.07.28-04.05.28:697][  0]LogConfig: Setting CVar [[r.DOF.Scatter.MaxSpriteRatio:0.1         ; only a maximum of 10% of scattered bokeh]]
[2020.07.28-04.05.28:697][  0]LogConfig: Setting CVar [[r.DOF.Recombine.Quality:1                ; cheap slight out of focus]]
[2020.07.28-04.05.28:697][  0]LogConfig: Setting CVar [[r.DOF.Recombine.EnableBokehSettings:0    ; no bokeh simulation on slight out of focus]]
[2020.07.28-04.05.28:697][  0]LogConfig: Setting CVar [[r.DOF.TemporalAAQuality:1                ; more stable temporal accumulation]]
[2020.07.28-04.05.28:697][  0]LogConfig: Setting CVar [[r.DOF.Kernel.MaxForegroundRadius:0.025]]
[2020.07.28-04.05.28:697][  0]LogConfig: Setting CVar [[r.DOF.Kernel.MaxBackgroundRadius:0.025]]
[2020.07.28-04.05.28:697][  0]LogConfig: Applying CVar settings from Section [TextureQuality@3] File [D:/Users/matthew.moo8138/OneDrive/Documents/Portfolio Source Control/Portfolio/PortfolioClass/Saved/Config/Windows/Scalability.ini]
[2020.07.28-04.05.28:697][  0]LogConfig: Setting CVar [[r.Streaming.MipBias:0]]
[2020.07.28-04.05.28:697][  0]LogConfig: Setting CVar [[r.Streaming.AmortizeCPUToGPUCopy:0]]
[2020.07.28-04.05.28:697][  0]LogConfig: Setting CVar [[r.Streaming.MaxNumTexturesToStreamPerFrame:0]]
[2020.07.28-04.05.28:697][  0]LogConfig: Setting CVar [[r.Streaming.Boost:1]]
[2020.07.28-04.05.28:697][  0]LogConfig: Setting CVar [[r.MaxAnisotropy:8]]
[2020.07.28-04.05.28:697][  0]LogConfig: Setting CVar [[r.VT.MaxAnisotropy:8]]
[2020.07.28-04.05.28:697][  0]LogConfig: Setting CVar [[r.Streaming.LimitPoolSizeToVRAM:0]]
[2020.07.28-04.05.28:697][  0]LogConfig: Setting CVar [[r.Streaming.PoolSize:1000]]
[2020.07.28-04.05.28:697][  0]LogConfig: Setting CVar [[r.Streaming.MaxEffectiveScreenSize:0]]
[2020.07.28-04.05.28:697][  0]LogConfig: Applying CVar settings from Section [EffectsQuality@3] File [D:/Users/matthew.moo8138/OneDrive/Documents/Portfolio Source Control/Portfolio/PortfolioClass/Saved/Config/Windows/Scalability.ini]
[2020.07.28-04.05.28:697][  0]LogConfig: Setting CVar [[r.TranslucencyLightingVolumeDim:64]]
[2020.07.28-04.05.28:697][  0]LogConfig: Setting CVar [[r.RefractionQuality:2]]
[2020.07.28-04.05.28:697][  0]LogConfig: Setting CVar [[r.SSR.Quality:3]]
[2020.07.28-04.05.28:697][  0]LogConfig: Setting CVar [[r.SSR.HalfResSceneColor:0]]
[2020.07.28-04.05.28:697][  0]LogConfig: Setting CVar [[r.SceneColorFormat:4]]
[2020.07.28-04.05.28:697][  0]LogConfig: Setting CVar [[r.DetailMode:2]]
[2020.07.28-04.05.28:697][  0]LogConfig: Setting CVar [[r.TranslucencyVolumeBlur:1]]
[2020.07.28-04.05.28:697][  0]LogConfig: Setting CVar [[r.MaterialQualityLevel:1 ; High quality]]
[2020.07.28-04.05.28:697][  0]LogConfig: Setting CVar [[r.SSS.Scale:1]]
[2020.07.28-04.05.28:697][  0]LogConfig: Setting CVar [[r.SSS.SampleSet:2]]
[2020.07.28-04.05.28:697][  0]LogConfig: Setting CVar [[r.SSS.Quality:1]]
[2020.07.28-04.05.28:697][  0]LogConfig: Setting CVar [[r.SSS.HalfRes:1]]
[2020.07.28-04.05.28:698][  0]LogConfig: Setting CVar [[r.SSGI.Quality:3]]
[2020.07.28-04.05.28:698][  0]LogConfig: Setting CVar [[r.EmitterSpawnRateScale:1.0]]
[2020.07.28-04.05.28:698][  0]LogConfig: Setting CVar [[r.ParticleLightQuality:2]]
[2020.07.28-04.05.28:698][  0]LogConfig: Setting CVar [[r.SkyAtmosphere.AerialPerspectiveLUT.FastApplyOnOpaque:1 ; Always have FastSkyLUT 1 in this case to avoid wrong sky]]
[2020.07.28-04.05.28:698][  0]LogConfig: Setting CVar [[r.SkyAtmosphere.AerialPerspectiveLUT.SampleCountPerSlice:1]]
[2020.07.28-04.05.28:698][  0]LogConfig: Setting CVar [[r.SkyAtmosphere.AerialPerspectiveLUT.DepthResolution:16.0]]
[2020.07.28-04.05.28:698][  0]LogConfig: Setting CVar [[r.SkyAtmosphere.FastSkyLUT:1]]
[2020.07.28-04.05.28:698][  0]LogConfig: Setting CVar [[r.SkyAtmosphere.FastSkyLUT.SampleCountMin:4.0]]
[2020.07.28-04.05.28:698][  0]LogConfig: Setting CVar [[r.SkyAtmosphere.FastSkyLUT.SampleCountMax:32.0]]
[2020.07.28-04.05.28:698][  0]LogConfig: Setting CVar [[r.SkyAtmosphere.SampleCountMin:4.0]]
[2020.07.28-04.05.28:698][  0]LogConfig: Setting CVar [[r.SkyAtmosphere.SampleCountMax:32.0]]
[2020.07.28-04.05.28:698][  0]LogConfig: Setting CVar [[r.SkyAtmosphere.TransmittanceLUT.UseSmallFormat:0]]
[2020.07.28-04.05.28:698][  0]LogConfig: Setting CVar [[r.SkyAtmosphere.TransmittanceLUT.SampleCount:10.0]]
[2020.07.28-04.05.28:698][  0]LogConfig: Setting CVar [[r.SkyAtmosphere.MultiScatteringLUT.SampleCount:15.0]]
[2020.07.28-04.05.28:698][  0]LogConfig: Applying CVar settings from Section [FoliageQuality@3] File [D:/Users/matthew.moo8138/OneDrive/Documents/Portfolio Source Control/Portfolio/PortfolioClass/Saved/Config/Windows/Scalability.ini]
[2020.07.28-04.05.28:698][  0]LogConfig: Setting CVar [[foliage.DensityScale:1.0]]
[2020.07.28-04.05.28:698][  0]LogConfig: Setting CVar [[grass.DensityScale:1.0]]
[2020.07.28-04.05.28:698][  0]LogConfig: Applying CVar settings from Section [ShadingQuality@3] File [D:/Users/matthew.moo8138/OneDrive/Documents/Portfolio Source Control/Portfolio/PortfolioClass/Saved/Config/Windows/Scalability.ini]
[2020.07.28-04.05.28:698][  0]LogConfig: Setting CVar [[r.HairStrands.SkyLighting.SampleCount:16]]
[2020.07.28-04.05.28:698][  0]LogConfig: Setting CVar [[r.HairStrands.SkyLighting.JitterIntegration:0]]
[2020.07.28-04.05.28:698][  0]LogConfig: Setting CVar [[r.HairStrands.SkyAO.SampleCount:16]]
[2020.07.28-04.05.28:698][  0]LogConfig: Applying CVar settings from Section [Startup] File [../../../Engine/Config/ConsoleVariables.ini]
[2020.07.28-04.05.28:698][  0]LogConfig: Setting CVar [[net.UseAdaptiveNetUpdateFrequency:0]]
[2020.07.28-04.05.28:698][  0]LogConfig: Setting CVar [[p.chaos.AllowCreatePhysxBodies:1]]
[2020.07.28-04.05.28:698][  0]LogConfig: Applying CVar settings from Section [ConsoleVariables] File [D:/Users/matthew.moo8138/OneDrive/Documents/Portfolio Source Control/Portfolio/PortfolioClass/Saved/Config/Windows/Engine.ini]
[2020.07.28-04.05.28:698][  0]LogInit: Computer: 1405C007
[2020.07.28-04.05.28:698][  0]LogInit: User: matthewmoo8138
[2020.07.28-04.05.28:698][  0]LogInit: CPU Page size=4096, Cores=6
[2020.07.28-04.05.28:698][  0]LogInit: High frequency timer resolution =10.000000 MHz
[2020.07.28-04.05.28:698][  0]LogMemory: Memory total: Physical=31.8GB (32GB approx)
[2020.07.28-04.05.28:698][  0]LogMemory: Platform Memory Stats for Windows
[2020.07.28-04.05.28:698][  0]LogMemory: Process Physical Memory: 105.98 MB used, 105.98 MB peak
[2020.07.28-04.05.28:698][  0]LogMemory: Process Virtual Memory: 101.88 MB used, 101.88 MB peak
[2020.07.28-04.05.28:698][  0]LogMemory: Physical Memory: 13127.65 MB used,  19414.30 MB free, 32541.95 MB total
[2020.07.28-04.05.28:698][  0]LogMemory: Virtual Memory: 5159.33 MB used,  134212568.00 MB free, 134217728.00 MB total
[2020.07.28-04.05.28:700][  0]LogWindows: WindowsPlatformFeatures enabled
[2020.07.28-04.05.28:709][  0]LogInit: Using OS detected language (en-US).
[2020.07.28-04.05.28:709][  0]LogInit: Using OS detected locale (en-NZ).
[2020.07.28-04.05.28:709][  0]LogTextLocalizationManager: No specific localization for 'en-US' exists, so the 'en' localization will be used.
[2020.07.28-04.05.28:842][  0]LogInit: Setting process to per monitor DPI aware
[2020.07.28-04.05.28:867][  0]LogSlate: New Slate User Created.  User Index 0, Is Virtual User: 0
[2020.07.28-04.05.28:867][  0]LogSlate: Slate User Registered.  User Index 0, Is Virtual User: 0
[2020.07.28-04.05.28:965][  0]LogD3D12RHI: Aftermath initialized
[2020.07.28-04.05.28:965][  0]LogD3D12RHI: Loading WinPixEventRuntime.dll for PIX profiling (from ../../../Engine/Binaries/ThirdParty/Windows/DirectX/x64).
[2020.07.28-04.05.28:970][  0]LogHMD: Failed to initialize OpenVR with code 110
[2020.07.28-04.05.29:089][  0]LogD3D12RHI: Found D3D12 adapter 0: NVIDIA GeForce RTX 2080 (Max supported Feature Level 12_1)
[2020.07.28-04.05.29:089][  0]LogD3D12RHI: Adapter has 8010MB of dedicated video memory, 0MB of dedicated system memory, and 16270MB of shared system memory, 2 output[s]
[2020.07.28-04.05.29:203][  0]LogD3D12RHI: Found D3D12 adapter 1: Intel(R) UHD Graphics 630 (Max supported Feature Level 12_1)
[2020.07.28-04.05.29:203][  0]LogD3D12RHI: Adapter has 128MB of dedicated video memory, 0MB of dedicated system memory, and 16270MB of shared system memory, 0 output[s]
[2020.07.28-04.05.29:229][  0]LogD3D12RHI: Found D3D12 adapter 2: Microsoft Basic Render Driver (Max supported Feature Level 12_1)
[2020.07.28-04.05.29:229][  0]LogD3D12RHI: Adapter has 0MB of dedicated video memory, 0MB of dedicated system memory, and 16270MB of shared system memory, 0 output[s]
[2020.07.28-04.05.29:229][  0]LogD3D12RHI: Forcing D3D12.AsyncDeferredDeletion=0 as a workaround for a deadlock.
[2020.07.28-04.05.29:229][  0]LogD3D12RHI: Chosen D3D12 Adapter Id = 0
[2020.07.28-04.05.29:237][  0]LogD3D12RHI: Emitting draw events for PIX profiling.
[2020.07.28-04.05.29:305][  0]LogD3D12RHI: D3D12 ray tracing enabled.
[2020.07.28-04.05.29:305][  0]LogD3D12RHI: The system supports ID3D12Device1.
[2020.07.28-04.05.29:305][  0]LogD3D12RHI: The system supports ID3D12Device2.
[2020.07.28-04.05.29:406][  0]LogD3D12RHI: Display: Not using pipeline state disk cache per r.D3D12.PSO.DiskCache=0
[2020.07.28-04.05.29:407][  0]LogD3D12RHI: Display: Not using driver-optimized pipeline state disk cache per r.D3D12.PSO.DriverOptimizedDiskCache=0
[2020.07.28-04.05.29:409][  0]LogD3D12RHI:     GPU DeviceId: 0x1e82 (for the marketing name, search the web for "GPU Device Id")
[2020.07.28-04.05.29:409][  0]LogWindows: EnumDisplayDevices:
[2020.07.28-04.05.29:409][  0]LogWindows:    0. 'NVIDIA GeForce RTX 2080' (P:0 D:1)
[2020.07.28-04.05.29:410][  0]LogWindows:    1. 'NVIDIA GeForce RTX 2080' (P:1 D:1)
[2020.07.28-04.05.29:410][  0]LogWindows:    2. 'NVIDIA GeForce RTX 2080' (P:0 D:0)
[2020.07.28-04.05.29:410][  0]LogWindows:    3. 'NVIDIA GeForce RTX 2080' (P:0 D:0)
[2020.07.28-04.05.29:410][  0]LogWindows:    4. 'Intel(R) UHD Graphics 630' (P:0 D:0)
[2020.07.28-04.05.29:410][  0]LogWindows:    5. 'Intel(R) UHD Graphics 630' (P:0 D:0)
[2020.07.28-04.05.29:411][  0]LogWindows:    6. 'Intel(R) UHD Graphics 630' (P:0 D:0)
[2020.07.28-04.05.29:411][  0]LogWindows:    7. 'Mirage Driver' (P:0 D:0)
[2020.07.28-04.05.29:411][  0]LogWindows: DebugString: PrimaryIsNotTheChoosenAdapter PrimaryIsNotTheChoosenAdapter PrimaryIsNotTheChoosenAdapter GetVideoDriverDetailsInvalid PrimaryIsNotTheChoosenAdapter FoundDriverCount:4 
[2020.07.28-04.05.29:411][  0]LogD3D12RHI:     Adapter Name: NVIDIA GeForce RTX 2080
[2020.07.28-04.05.29:411][  0]LogD3D12RHI:   Driver Version: 431.23 (internal:26.21.14.3123, unified:431.23)
[2020.07.28-04.05.29:411][  0]LogD3D12RHI:      Driver Date: 6-24-2019
[2020.07.28-04.05.29:411][  0]LogRHI: Texture pool is 4289 MB (70% of 6127 MB)
[2020.07.28-04.05.29:411][  0]LogD3D12RHI: Async texture creation enabled
[2020.07.28-04.05.29:411][  0]LogD3D12RHI: RHI has support for 64 bit atomics
[2020.07.28-04.05.29:636][  0]LogTargetPlatformManager: Display: Loaded TargetPlatform 'AllDesktop'
[2020.07.28-04.05.29:660][  0]LogTargetPlatformManager: Display: Loaded TargetPlatform 'Android'
[2020.07.28-04.05.29:660][  0]LogTargetPlatformManager: Display: Loaded TargetPlatform 'Android_ASTC'
[2020.07.28-04.05.29:660][  0]LogTargetPlatformManager: Display: Loaded TargetPlatform 'Android_ATC'
[2020.07.28-04.05.29:660][  0]LogTargetPlatformManager: Display: Loaded TargetPlatform 'Android_DXT'
[2020.07.28-04.05.29:660][  0]LogTargetPlatformManager: Display: Loaded TargetPlatform 'Android_ETC1'
[2020.07.28-04.05.29:660][  0]LogTargetPlatformManager: Display: Loaded TargetPlatform 'Android_ETC1a'
[2020.07.28-04.05.29:660][  0]LogTargetPlatformManager: Display: Loaded TargetPlatform 'Android_ETC2'
[2020.07.28-04.05.29:660][  0]LogTargetPlatformManager: Display: Loaded TargetPlatform 'Android_PVRTC'
[2020.07.28-04.05.29:660][  0]LogTargetPlatformManager: Display: Loaded TargetPlatform 'AndroidClient'
[2020.07.28-04.05.29:660][  0]LogTargetPlatformManager: Display: Loaded TargetPlatform 'Android_ASTCClient'
[2020.07.28-04.05.29:660][  0]LogTargetPlatformManager: Display: Loaded TargetPlatform 'Android_ATCClient'
[2020.07.28-04.05.29:660][  0]LogTargetPlatformManager: Display: Loaded TargetPlatform 'Android_DXTClient'
[2020.07.28-04.05.29:660][  0]LogTargetPlatformManager: Display: Loaded TargetPlatform 'Android_ETC1Client'
[2020.07.28-04.05.29:660][  0]LogTargetPlatformManager: Display: Loaded TargetPlatform 'Android_ETC1aClient'
[2020.07.28-04.05.29:660][  0]LogTargetPlatformManager: Display: Loaded TargetPlatform 'Android_ETC2Client'
[2020.07.28-04.05.29:660][  0]LogTargetPlatformManager: Display: Loaded TargetPlatform 'Android_PVRTCClient'
[2020.07.28-04.05.29:660][  0]LogTargetPlatformManager: Display: Loaded TargetPlatform 'Android_Multi'
[2020.07.28-04.05.29:660][  0]LogTargetPlatformManager: Display: Loaded TargetPlatform 'Android_MultiClient'
[2020.07.28-04.05.29:675][  0]LogTargetPlatformManager: Display: Loaded TargetPlatform 'IOSClient'
[2020.07.28-04.05.29:675][  0]LogTargetPlatformManager: Display: Loaded TargetPlatform 'IOS'
[2020.07.28-04.05.29:681][  0]LogTargetPlatformManager: Display: Loaded TargetPlatform 'LinuxNoEditor'
[2020.07.28-04.05.29:687][  0]LogTargetPlatformManager: Display: Loaded TargetPlatform 'LinuxClient'
[2020.07.28-04.05.29:693][  0]LogTargetPlatformManager: Display: Loaded TargetPlatform 'LinuxServer'
[2020.07.28-04.05.29:698][  0]LogTargetPlatformManager: Display: Loaded TargetPlatform 'LinuxAArch64NoEditor'
[2020.07.28-04.05.29:704][  0]LogTargetPlatformManager: Display: Loaded TargetPlatform 'LinuxAArch64Client'
[2020.07.28-04.05.29:710][  0]LogTargetPlatformManager: Display: Loaded TargetPlatform 'LinuxAArch64Server'
[2020.07.28-04.05.29:730][  0]LogTargetPlatformManager: Display: Loaded TargetPlatform 'Lumin'
[2020.07.28-04.05.29:730][  0]LogTargetPlatformManager: Display: Loaded TargetPlatform 'LuminClient'
[2020.07.28-04.05.29:740][  0]LogTargetPlatformManager: Display: Loaded TargetPlatform 'TVOSClient'
[2020.07.28-04.05.29:740][  0]LogTargetPlatformManager: Display: Loaded TargetPlatform 'TVOS'
[2020.07.28-04.05.29:746][  0]LogTargetPlatformManager: Display: Loaded TargetPlatform 'WindowsNoEditor'
[2020.07.28-04.05.29:752][  0]LogTargetPlatformManager: Display: Loaded TargetPlatform 'Windows'
[2020.07.28-04.05.29:757][  0]LogTargetPlatformManager: Display: Loaded TargetPlatform 'WindowsClient'
[2020.07.28-04.05.29:762][  0]LogTargetPlatformManager: Display: Loaded TargetPlatform 'WindowsServer'
[2020.07.28-04.05.29:762][  0]LogTargetPlatformManager: Display: Building Assets For Windows
[2020.07.28-04.05.29:764][  0]LogAudioDebug: Display: Lib vorbis DLL was dynamically loaded.
[2020.07.28-04.05.29:778][  0]LogShaderCompilers: Guid format shader working directory is -37 characters bigger than the processId version (D:/Users/matthew.moo8138/OneDrive/Documents/Portfolio Source Control/Portfolio/PortfolioClass/Intermediate/Shaders/WorkingDirectory/6740/).
[2020.07.28-04.05.29:779][  0]LogShaderCompilers: Cleaned the shader compiler working directory 'D:/Users/matthew.moo8138/AppData/Local/Temp/UnrealShaderWorkingDir/306CDA3E414B82EAFF7B3F87CC859C53/'.
[2020.07.28-04.05.29:779][  0]LogXGEController: Cannot use XGE Controller as Incredibuild is not installed on this machine.
[2020.07.28-04.05.29:779][  0]LogShaderCompilers: Cannot use XGE Shader Compiler as Incredibuild is not installed on this machine.
[2020.07.28-04.05.29:779][  0]LogShaderCompilers: Display: Using Local Shader Compiler.
[2020.07.28-04.05.30:415][  0]LogDerivedDataCache: Display: Max Cache Size: 512 MB
[2020.07.28-04.05.30:470][  0]LogDerivedDataCache: Loaded boot cache 0.05s 112MB D:/Users/matthew.moo8138/AppData/Local/UnrealEngine/4.24/DerivedDataCache/Boot.ddc.
[2020.07.28-04.05.30:470][  0]LogDerivedDataCache: Display: Loaded Boot cache: D:/Users/matthew.moo8138/AppData/Local/UnrealEngine/4.24/DerivedDataCache/Boot.ddc
[2020.07.28-04.05.30:470][  0]LogDerivedDataCache: FDerivedDataBackendGraph:  Pak pak cache file D:/Users/matthew.moo8138/OneDrive/Documents/Portfolio Source Control/Portfolio/PortfolioClass/DerivedDataCache/DDC.ddp not found, will not use a pak cache.
[2020.07.28-04.05.30:470][  0]LogDerivedDataCache: Unable to find inner node Pak for hierarchical cache Hierarchy.
[2020.07.28-04.05.30:470][  0]LogDerivedDataCache: FDerivedDataBackendGraph:  CompressedPak pak cache file D:/Users/matthew.moo8138/OneDrive/Documents/Portfolio Source Control/Portfolio/PortfolioClass/DerivedDataCache/Compressed.ddp not found, will not use a pak cache.
[2020.07.28-04.05.30:470][  0]LogDerivedDataCache: Unable to find inner node CompressedPak for hierarchical cache Hierarchy.
[2020.07.28-04.05.30:478][  0]LogDerivedDataCache: Display: Pak cache opened for reading ../../../Engine/DerivedDataCache/Compressed.ddp.
[2020.07.28-04.05.30:478][  0]LogDerivedDataCache: FDerivedDataBackendGraph:  EnterprisePak pak cache file ../../../Enterprise/DerivedDataCache/Compressed.ddp not found, will not use a pak cache.
[2020.07.28-04.05.30:478][  0]LogDerivedDataCache: Unable to find inner node EnterprisePak for hierarchical cache Hierarchy.
[2020.07.28-04.05.30:479][  0]LogDerivedDataCache: Using Local data cache path D:/Users/matthew.moo8138/AppData/Local/UnrealEngine/Common/DerivedDataCache: Writable
[2020.07.28-04.05.30:479][  0]LogDerivedDataCache: Shared data cache path not found in *engine.ini, will not use an Shared cache.
[2020.07.28-04.05.30:479][  0]LogDerivedDataCache: Unable to find inner node Shared for hierarchical cache Hierarchy.
[2020.07.28-04.05.30:504][  0]LogMaterial: Verifying Global Shaders for PCD3D_SM5
[2020.07.28-04.05.30:506][  0]LogSlate: Using FreeType 2.10.0
[2020.07.28-04.05.30:507][  0]LogSlate: SlateFontServices - WITH_FREETYPE: 1, WITH_HARFBUZZ: 1
[2020.07.28-04.05.30:545][  0]LogAssetRegistry: FAssetRegistry took 0.0019 seconds to start up
[2020.07.28-04.05.30:765][  0]LogInit: Selected Device Profile: [Windows]
[2020.07.28-04.05.30:903][  0]LogMeshReduction: Using QuadricMeshReduction for automatic static mesh reduction
[2020.07.28-04.05.30:903][  0]LogMeshReduction: Using SimplygonMeshReduction for automatic skeletal mesh reduction
[2020.07.28-04.05.30:903][  0]LogMeshReduction: Using ProxyLODMeshReduction for automatic mesh merging
[2020.07.28-04.05.30:903][  0]LogMeshReduction: No distributed automatic mesh merging module available
[2020.07.28-04.05.30:903][  0]LogMeshMerging: No distributed automatic mesh merging module available
[2020.07.28-04.05.30:935][  0]LogNetVersion: PortfolioClass 1.0.0, NetCL: 10570792, EngineNetVer: 13, GameNetVer: 0 (Checksum: 463990874)
[2020.07.28-04.05.31:705][  0]LogPackageLocalizationCache: Processed 10 localized package path(s) for 1 prioritized culture(s) in 0.029149 seconds
[2020.07.28-04.05.31:711][  0]LogUObjectArray: 46750 objects as part of root set at end of initial load.
[2020.07.28-04.05.31:711][  0]LogUObjectAllocator: 8137160 out of 0 bytes used by permanent object pool.
[2020.07.28-04.05.31:711][  0]LogUObjectArray: CloseDisregardForGC: 0/0 objects in disregard for GC pool
[2020.07.28-04.05.31:779][  0]LogD3D12RHI: Creating RTPSO with 3 shaders (0 cached, 3 new) took 16.57 ms. Compile time 6.65 ms, link time 9.76 ms.
[2020.07.28-04.05.32:023][  0]LogTcpMessaging: Initializing TcpMessaging bridge
[2020.07.28-04.05.32:026][  0]LogUdpMessaging: Initializing bridge on interface 0.0.0.0:0 to multicast group 230.0.0.1:6666.
[2020.07.28-04.05.32:060][  0]SourceControl: Source control is disabled
[2020.07.28-04.05.32:060][  0]SourceControl: Source control is disabled
[2020.07.28-04.05.32:061][  0]SourceControl: Source control is disabled
[2020.07.28-04.05.32:061][  0]SourceControl: Source control is disabled
[2020.07.28-04.05.32:062][  0]SourceControl: Source control is disabled
[2020.07.28-04.05.32:113][  0]LogAndroidPermission: UAndroidPermissionCallbackProxy::GetInstance
[2020.07.28-04.05.32:121][  0]LogAudioCaptureCore: Display: No Audio Capture implementations found. Audio input will be silent.
[2020.07.28-04.05.32:121][  0]LogAudioCaptureCore: Display: No Audio Capture implementations found. Audio input will be silent.
[2020.07.28-04.05.32:184][  0]LogOcInput: OculusInput pre-init called
[2020.07.28-04.05.32:189][  0]LogWindows: Failed to load 'OVRPlugin.dll' (GetLastError=126)
[2020.07.28-04.05.32:189][  0]LogWindows: File 'OVRPlugin.dll' does not exist
[2020.07.28-04.05.32:240][  0]LogEngine: Initializing Engine...
[2020.07.28-04.05.32:241][  0]LogHMD: Failed to initialize OpenVR with code 110
[2020.07.28-04.05.32:241][  0]LogStats: UGameplayTagsManager::InitializeManager -  0.000 s
[2020.07.28-04.05.32:508][  0]LogInit: Initializing FReadOnlyCVARCache
[2020.07.28-04.05.32:514][  0]LogAIModule: Creating AISystem for world Untitled
[2020.07.28-04.05.32:520][  0]LogAudioMixer: Display: Audio Mixer Platform Settings:
[2020.07.28-04.05.32:520][  0]LogAudioMixer: Display: 	Sample Rate:						  48000
[2020.07.28-04.05.32:520][  0]LogAudioMixer: Display: 	Callback Buffer Frame Size Requested: 1024
[2020.07.28-04.05.32:520][  0]LogAudioMixer: Display: 	Callback Buffer Frame Size To Use:	  1024
[2020.07.28-04.05.32:520][  0]LogAudioMixer: Display: 	Number of buffers to queue:			  2
[2020.07.28-04.05.32:520][  0]LogAudioMixer: Display: 	Max Channels (voices):				  32
[2020.07.28-04.05.32:520][  0]LogAudioMixer: Display: 	Number of Async Source Workers:		  0
[2020.07.28-04.05.32:520][  0]LogAudio: Display: AudioDevice MaxSources: 32
[2020.07.28-04.05.32:520][  0]LogAudio: Display: Using built-in audio occlusion.
[2020.07.28-04.05.32:520][  0]LogAudioMixer: Display: Initializing audio mixer.
[2020.07.28-04.05.32:538][  0]LogAudioMixer: Display: Audio Device Output Speaker Info:
[2020.07.28-04.05.32:538][  0]LogAudioMixer: Display: Name: Speaker (Synaptics HD Audio)
[2020.07.28-04.05.32:538][  0]LogAudioMixer: Display: Is Default: Yes
[2020.07.28-04.05.32:538][  0]LogAudioMixer: Display: Sample Rate: 192000
[2020.07.28-04.05.32:538][  0]LogAudioMixer: Display: Channel Count Used: 2
[2020.07.28-04.05.32:538][  0]LogAudioMixer: Display: Device Channel Count: 2
[2020.07.28-04.05.32:538][  0]LogAudioMixer: Display: Channel Order:
[2020.07.28-04.05.32:538][  0]LogAudioMixer: Display: 0: FrontLeft
[2020.07.28-04.05.32:538][  0]LogAudioMixer: Display: 1: FrontRight
[2020.07.28-04.05.32:723][  0]LogAudioMixer: Display: Using Audio Device Speaker (Synaptics HD Audio)
[2020.07.28-04.05.32:726][  0]LogInit: FAudioDevice initialized.
[2020.07.28-04.05.32:727][  0]LogNetVersion: Set ProjectVersion to 1.0.0.0. Version Checksum will be recalculated on next use.
[2020.07.28-04.05.32:901][  0]LogDerivedDataCache: Saved boot cache 0.17s 112MB D:/Users/matthew.moo8138/AppData/Local/UnrealEngine/4.24/DerivedDataCache/Boot.ddc.
[2020.07.28-04.05.32:907][  0]LogInit: Texture streaming: Enabled
[2020.07.28-04.05.32:913][  0]LogEngineSessionManager: EngineSessionManager initialized
[2020.07.28-04.05.32:913][  0]LogEditorSessionSummary: Verbose: Initializing EditorSessionSummaryWriter for editor session tracking
[2020.07.28-04.05.32:915][  0]LogEditorSessionSummary: EditorSessionSummaryWriter initialized
[2020.07.28-04.05.32:951][  0]LogInit: Transaction tracking system initialized
[2020.07.28-04.05.32:958][  0]BlueprintLog: New page: Editor Load
[2020.07.28-04.05.32:977][  0]LocalizationService: Localization service is disabled
[2020.07.28-04.05.33:169][  0]LogFileCache: Scanning file cache for directory 'D:/Users/matthew.moo8138/OneDrive/Documents/Portfolio Source Control/Portfolio/PortfolioClass/Content/' took 0.00s
[2020.07.28-04.05.33:169][  0]LogCook: Display: Max memory allowance for cook 16384mb min free memory 0mb
[2020.07.28-04.05.33:169][  0]LogCook: Display: Mobile HDR setting 1
[2020.07.28-04.05.33:634][  0]SourceControl: Source control is disabled
[2020.07.28-04.05.33:634][  0]LightingResults: New page: Lighting Build
[2020.07.28-04.05.33:635][  0]LogWorld: UWorld::CleanupWorld for Untitled, bSessionEnded=true, bCleanupResources=true
[2020.07.28-04.05.33:635][  0]LogSlate: InvalidateAllWidgets triggered.  All widgets were invalidated
[2020.07.28-04.05.33:635][  0]MapCheck: New page: Map Check
[2020.07.28-04.05.33:635][  0]LightingResults: New page: Lighting Build
[2020.07.28-04.05.33:660][  0]LogUObjectHash: Compacting FUObjectHashTables data took   2.34ms
[2020.07.28-04.05.33:958][  0]LogAIModule: Creating AISystem for world ThirdPersonExampleMap
[2020.07.28-04.05.33:977][  0]LogEditorServer: Finished looking for orphan Actors (0.000 secs)
[2020.07.28-04.05.34:020][  0]LogUObjectHash: Compacting FUObjectHashTables data took   3.14ms
[2020.07.28-04.05.34:021][  0]Cmd: MAP CHECKDEP NOCLEARLOG
[2020.07.28-04.05.34:021][  0]MapCheck: Map check complete: 0 Error(s), 0 Warning(s), took 0.096ms to complete.
[2020.07.28-04.05.34:021][  0]LogFileHelpers: Loading map 'ThirdPersonExampleMap' took 0.387
[2020.07.28-04.05.34:156][  0]LogSlate: Updating window title bar state: overlay mode, drag disabled, window buttons hidden, title bar hidden
[2020.07.28-04.05.34:162][  0]LogSlate: Updating window title bar state: overlay mode, drag disabled, window buttons hidden, title bar hidden
[2020.07.28-04.05.34:167][  0]LogSlate: Updating window title bar state: overlay mode, drag disabled, window buttons hidden, title bar hidden
[2020.07.28-04.05.34:173][  0]LogSlate: Updating window title bar state: overlay mode, drag disabled, window buttons hidden, title bar hidden
[2020.07.28-04.05.34:177][  0]LogCollectionManager: Loaded 0 collections in 0.001669 seconds
[2020.07.28-04.05.34:186][  0]LogFileCache: Scanning file cache for directory 'D:/Users/matthew.moo8138/OneDrive/Documents/Portfolio Source Control/Portfolio/PortfolioClass/Saved/Collections/' took 0.00s
[2020.07.28-04.05.34:186][  0]LogFileCache: Scanning file cache for directory 'D:/Users/matthew.moo8138/OneDrive/Documents/Portfolio Source Control/Portfolio/PortfolioClass/Content/Developers/matthewmoo8138/Collections/' took 0.00s
[2020.07.28-04.05.34:186][  0]LogFileCache: Scanning file cache for directory 'D:/Users/matthew.moo8138/OneDrive/Documents/Portfolio Source Control/Portfolio/PortfolioClass/Content/Collections/' took 0.00s
[2020.07.28-04.05.34:186][  0]LogContentBrowser: Native class hierarchy populated in 0.0063 seconds. Added 3015 classes and 717 folders.
[2020.07.28-04.05.34:187][  0]LogContentBrowser: Native class hierarchy updated for 'WidgetCarousel' in 0.0002 seconds. Added 0 classes and 0 folders.
[2020.07.28-04.05.34:216][  0]LogContentBrowser: Native class hierarchy updated for 'AddContentDialog' in 0.0002 seconds. Added 0 classes and 0 folders.
[2020.07.28-04.05.34:219][  0]LogContentBrowser: Native class hierarchy updated for 'SceneOutliner' in 0.0002 seconds. Added 2 classes and 3 folders.
[2020.07.28-04.05.34:409][  0]LogSlate: Took 0.000128 seconds to synchronously load lazily loaded font '../../../Engine/Content/Slate/Fonts/Roboto-Regular.ttf' (155K)
[2020.07.28-04.05.34:410][  0]LogSlate: Took 0.000097 seconds to synchronously load lazily loaded font '../../../Engine/Content/Slate/Fonts/Roboto-Bold.ttf' (160K)
[2020.07.28-04.05.34:414][  0]LogSlate: Took 0.000077 seconds to synchronously load lazily loaded font '../../../Engine/Content/Editor/Slate/Fonts/FontAwesome.ttf' (139K)
[2020.07.28-04.05.34:483][  0]LogRenderer: Reallocating scene render targets to support 1208x580 Format 10 NumSamples 1 (Frame:1).
[2020.07.28-04.05.34:852][  0]LogD3D12RHI: Creating RTPSO with 94 shaders (0 cached, 94 new) took 156.14 ms. Compile time 125.27 ms, link time 30.72 ms.
[2020.07.28-04.05.34:947][  0]LogD3D12RHI: Creating RTPSO with 3 shaders (0 cached, 3 new) took 10.96 ms. Compile time 3.71 ms, link time 7.24 ms.
[2020.07.28-04.05.35:098][  0]LogContentBrowser: Native class hierarchy updated for 'HierarchicalLODOutliner' in 0.0002 seconds. Added 0 classes and 0 folders.
[2020.07.28-04.05.35:098][  0]LogLoad: (Engine Initialization) Total time: 7.14 seconds
[2020.07.28-04.05.35:098][  0]LogLoad: (Engine Initialization) Total Blueprint compile time: 0.00 seconds
[2020.07.28-04.05.35:167][  0]LogAssetRegistry: Asset discovery search completed in 4.6232 seconds
[2020.07.28-04.05.35:170][  0]LogCollectionManager: Fixed up redirectors for 0 collections in 0.000006 seconds (updated 0 objects)
[2020.07.28-04.05.35:173][  0]LogContentStreaming: Texture pool size now 1000 MB
[2020.07.28-04.05.35:244][  3]LogD3D12RHI: Creating RTPSO with 95 shaders (94 cached, 1 new) took 25.90 ms. Compile time 1.81 ms, link time 23.93 ms.
[2020.07.28-04.06.18:100][737]LogSlate: Took 0.000151 seconds to synchronously load lazily loaded font '../../../Engine/Content/Slate/Fonts/Roboto-Light.ttf' (167K)
[2020.07.28-04.06.19:103][851]LogSlate: Took 0.000084 seconds to synchronously load lazily loaded font '../../../Engine/Content/Slate/Fonts/Roboto-Light.ttf' (167K)
[2020.07.28-04.06.19:118][851]LogLinker: Warning: While loading 'D:/Users/matthew.moo8138/OneDrive/Documents/Portfolio Source Control/Portfolio/PortfolioClass/Content/Beyondthegreybox.umap' failed to load '/Game/Splines/Road/Road_Spline_01': Can't find file.
[2020.07.28-04.06.19:118][851]LogLinker: Warning: While loading 'D:/Users/matthew.moo8138/OneDrive/Documents/Portfolio Source Control/Portfolio/PortfolioClass/Content/Beyondthegreybox.umap' failed to load '/Game/Splines/Road/Road_Spline_01': Can't find file.
[2020.07.28-04.06.19:119][851]LogLinker: Warning: While loading 'D:/Users/matthew.moo8138/OneDrive/Documents/Portfolio Source Control/Portfolio/PortfolioClass/Content/Beyondthegreybox.umap' failed to load '/Game/Splines/Road/Road_Spline_01': Can't find file.
[2020.07.28-04.06.19:119][851]LogLinker: Warning: While loading 'D:/Users/matthew.moo8138/OneDrive/Documents/Portfolio Source Control/Portfolio/PortfolioClass/Content/Beyondthegreybox.umap' failed to load '/Game/Splines/Road/Road_Spline_01': Can't find file.
[2020.07.28-04.06.19:120][851]LogLinker: Warning: While loading 'D:/Users/matthew.moo8138/OneDrive/Documents/Portfolio Source Control/Portfolio/PortfolioClass/Content/Beyondthegreybox.umap' failed to load '/Game/Splines/Road/Road_Spline_01': Can't find file.
[2020.07.28-04.06.19:120][851]LoadErrors: Failed to load /Game/Splines/Road/Road_Spline_01.Road_Spline_01 Referenced by Road_Spline_01_17
[2020.07.28-04.06.19:120][851]LogLinker: Warning: While loading 'D:/Users/matthew.moo8138/OneDrive/Documents/Portfolio Source Control/Portfolio/PortfolioClass/Content/Beyondthegreybox.umap' failed to load '/Game/Splines/Road/Road_Spline_01': Can't find file.
[2020.07.28-04.06.19:121][851]LogAIModule: Creating AISystem for world Beyondthegreybox
[2020.07.28-04.06.19:122][851]LogAssetEditorSubsystem: Opening Asset editor for World /Game/Beyondthegreybox.Beyondthegreybox
[2020.07.28-04.06.19:146][851]LogUObjectHash: Compacting FUObjectHashTables data took   2.19ms
[2020.07.28-04.06.19:147][851]Cmd: MAP LOAD FILE="D:/Users/matthew.moo8138/OneDrive/Documents/Portfolio Source Control/Portfolio/PortfolioClass/Content/Beyondthegreybox.umap" TEMPLATE=0 SHOWPROGRESS=1 FEATURELEVEL=3
[2020.07.28-04.06.19:147][851]LightingResults: New page: Lighting Build
[2020.07.28-04.06.19:148][851]LoadErrors: New page: Loading map: Beyondthegreybox.umap
[2020.07.28-04.06.19:149][851]LogWorld: UWorld::CleanupWorld for ThirdPersonExampleMap, bSessionEnded=true, bCleanupResources=true
[2020.07.28-04.06.19:149][851]LogSlate: InvalidateAllWidgets triggered.  All widgets were invalidated
[2020.07.28-04.06.19:149][851]MapCheck: New page: Map Check
[2020.07.28-04.06.19:149][851]LightingResults: New page: Lighting Build
[2020.07.28-04.06.19:180][851]LogUObjectHash: Compacting FUObjectHashTables data took   2.40ms
[2020.07.28-04.06.19:182][851]LogEditorServer: Finished looking for orphan Actors (0.000 secs)
[2020.07.28-04.06.19:206][851]LogUObjectHash: Compacting FUObjectHashTables data took   2.04ms
[2020.07.28-04.06.19:225][851]Cmd: MAP CHECKDEP NOCLEARLOG
[2020.07.28-04.06.19:225][851]MapCheck: Map check complete: 0 Error(s), 0 Warning(s), took 0.069ms to complete.
[2020.07.28-04.06.19:226][851]LogFileHelpers: Loading map 'Beyondthegreybox' took 0.079
[2020.07.28-04.06.19:283][853]LogD3D12RHI: Creating RTPSO with 94 shaders (94 cached, 0 new) took 25.69 ms. Compile time 0.03 ms, link time 25.51 ms.
[2020.07.28-04.06.21:321][ 92]LogEditorViewport: Clicking on Actor (LMB): SkeletalMeshActor (SK_Mannequin_Mobile_PhysicsAsset)
[2020.07.28-04.06.21:399][ 94]LogD3D12RHI: Creating RTPSO with 96 shaders (94 cached, 2 new) took 27.89 ms. Compile time 5.81 ms, link time 21.92 ms.
[2020.07.28-04.06.21:477][ 96]LogD3D12RHI: Creating RTPSO with 97 shaders (96 cached, 1 new) took 28.82 ms. Compile time 7.39 ms, link time 21.27 ms.
[2020.07.28-04.06.21:518][ 97]LogD3D12RHI: Creating RTPSO with 99 shaders (97 cached, 2 new) took 30.15 ms. Compile time 7.01 ms, link time 22.97 ms.
[2020.07.28-04.06.21:617][108]Cmd: CAMERA ALIGN ACTIVEVIEWPORTONLY
